<?xml version="1.0" encoding="UTF-8"?>
<!-- Generated by org.testng.reporters.JUnitXMLReporter -->
<testsuite ignored="0" hostname="LAPTOP-IFL45L56" failures="1" tests="1" name="BankingApp Test" time="8.932" errors="0" timestamp="2023-03-08T20:01:41 IST">
  <testcase classname="com.inetbanking.Testcases.TC_LoginTest_001" name="setLogin" time="2.905">
    <failure type="java.lang.AssertionError" message="expected [true] but found [false]">
      <![CDATA[java.lang.AssertionError: expected [true] but found [false]
at com.inetbanking.Testcases.TC_LoginTest_001.setLogin(TC_LoginTest_001.java:33)
at java.base/java.util.ArrayList.forEach(ArrayList.java:1511)
... Removed 29 stack frames]]>
    </failure>
  </testcase> <!-- setLogin -->
</testsuite> <!-- BankingApp Test -->
